"blank"			"=========================="
"blank"			"#Valve_Movement_Title"
"blank"			"=========================="
"+forward"		"#Valve_Move_Forward"
"+back"			"#Valve_Move_Back"
"+moveleft;dodge l"	"#Valve_Move_Left"
"+moveright;dodge r"	"#Valve_Move_Right"
"+jump;jump"		"#Valve_Jump"
"+duck;crouch"		"#Valve_Duck"
"+sprint"		"Sprint"
"prone"			"Prone"
"slide"			"Slide"
"blank"			"=========================="
"blank"			"#Cstrike_Combat_Title"
"blank"			"=========================="
"+attack;attack"	"#Cstrike_Fire"
"aim"			"Aim"
"+reload"		"#Valve_Reload_Weapon"
"melee"			"Quick Melee"
"deploy x"		"Special Items"
"deploy h"		"Frag Grenade"
"deploy f"		"Flashbang"
"deploy s"		"Smoke Grenade"
"nightvision"		"#Cstrike_Nightvision"
"+get"	 		"Get/Drop Weapon"
"lam"			"Toggle LAM"
"zoomup"		"Sniper Zoom-In"
"zoomdown"		"Sniper Zoom-Out"
"fireselect f"		"Fire Select: Full Auto"
"fireselect s"		"Fire Select: Semi-Auto"
"fireselect b"		"Fire Select: Burst Fire"
"fireselect"		"Cycle Thru Fire Select"
"blank"			"=========================="
"blank"			"COMMERCE"
"blank"			"=========================="
"hs_buy" 		"Buy Weapons"
"buyaddons"		"Buy Addons"
"buy_addon_pri 5"	"Buy Primary Ammo"
"buy_addon_sec 4" 	"Buy Pistol Ammo"
"vesthelm"		"Buy Armor and Helmet"
"hs_rebuy"		"#Cstrike_ReBuy"
"blank"			"=========================="
"blank"			"User Interface"
"blank"			"=========================="
"+showhud"		"Show HUD"
"chooseteam" 		"Change Team"
"hs_changeclass"	"Change Role"
"slot10;deploy 0"	"#Cstrike_Menu_Item_0"
"slot1;deploy 1"	"#Cstrike_Menu_Item_1"
"slot2;deploy 2"	"#Cstrike_Menu_Item_2"
"slot3;deploy k"	"#Cstrike_Menu_Item_3"
"slot4;deploy g"	"#Cstrike_Menu_Item_4"
"slot5;deploy c"	"#Cstrike_Menu_Item_5"
"slot6;deploy 6"	"#Cstrike_Menu_Item_6"
"slot7;deploy 7"	"#Cstrike_Menu_Item_7"
"slot8"			"#Cstrike_Menu_Item_8"
"slot9"			"#Cstrike_Menu_Item_9"
"+showscores"		"Display Scores"
"showbriefing"		"#Cstrike_Mission_Briefing"
"blank"			"=========================="
"blank"			"#Valve_Communication_Title"
"blank"			"=========================="
"+voicerecord"		"#Valve_Use_Voice_Communication"
"hs_radio"		"Radio"
"+commandmenu"		"#Valve_Activate_In_Game_GUI"
"messagemode"		"#Valve_Chat_Message"
"messagemode2"		"#Valve_Team_Message"
"blank"			"=========================="
"blank"			"#Valve_Miscellaneous_Title"
"blank"			"=========================="
"+use"			"Use Items"
"impulse 201"		"#Valve_Spray_Logo"
"snapshot"		"#Valve_Take_Screen_Shot"
"quit"			"#Valve_Quit_Game"
